<?xml version="1.0" encoding="UTF-8"?>
<!-- Generated by org.testng.reporters.JUnitXMLReporter -->
<testsuite ignored="0" hostname="Affle-Laptop-340" failures="1" tests="1" name="Default test" time="9.134" errors="0" timestamp="2023-05-31T11:57:45 IST">
  <testcase classname="vaidikappiumtraining.PackageAndActivity" name="WifiSettingsNameWithPackage" time="0.806">
    <failure type="org.openqa.selenium.WebDriverException" message="An unknown server-side error occurred while processing the command. Original error: Cannot start the &amp;apos;io.appium.android.apis&amp;apos; application. Consider checking the driver&amp;apos;s troubleshooting documentation. Original error: Cannot start the &amp;apos;io.appium.android.apis&amp;apos; application. Consider checking the driver&amp;apos;s troubleshooting documentation. Original error: Activity name &amp;apos;.io.appium.android.apis.preference.PreferenceDependencies&amp;apos; used to start the app doesn&amp;apos;t exist or cannot be launched! Make sure it exists and is a launchable activity
Build info: version: &amp;apos;4.9.1&amp;apos;, revision: &amp;apos;eb2032df7f&amp;apos;
System info: os.name: &amp;apos;Linux&amp;apos;, os.arch: &amp;apos;amd64&amp;apos;, os.version: &amp;apos;5.19.0-42-generic&amp;apos;, java.version: &amp;apos;17.0.6&amp;apos;
Driver info: io.appium.java_client.android.AndroidDriver
Command: [01695390-b132-4700-bb17-a73444c374c2, startActivity {appPackage=io.appium.android.apis, appActivity=io.appium.android.apis.preference.PreferenceDependencies, appWaitPackage=, appWaitActivity=, dontStopAppOnReset=false, intentAction=, intentCategory=, intentFlags=, optionalIntentArguments=}]
Capabilities {appium:app: //home//vaidiksoni//eclipse..., appium:appPackage: com.androidsample.generalstore, appium:automationName: UIAutomator2, appium:chromedriverExecutable: //home//vaidiksoni//Documen..., appium:databaseEnabled: false, appium:desired: {app: //home//vaidiksoni//eclipse..., automationName: UIAutomator2, chromedriverExecutable: //home//vaidiksoni//Documen..., deviceName: Pixel 2 API 28, platformName: ANDROID}, appium:deviceApiLevel: 28, appium:deviceManufacturer: Google, appium:deviceModel: AOSP on IA Emulator, appium:deviceName: emulator-5554, appium:deviceScreenDensity: 420, appium:deviceScreenSize: 1080x1920, appium:deviceUDID: emulator-5554, appium:javascriptEnabled: true, appium:locationContextEnabled: false, appium:networkConnectionEnabled: true, appium:pixelRatio: 2.625, appium:platformVersion: 9, appium:statBarHeight: 63, appium:takesScreenshot: true, appium:viewportRect: {height: 1731, left: 0, top: 63, width: 1080}, appium:warnings: {}, appium:webStorageEnabled: false, platformName: ANDROID}
Session ID: 01695390-b132-4700-bb17-a73444c374c2">
      <![CDATA[org.openqa.selenium.WebDriverException: An unknown server-side error occurred while processing the command. Original error: Cannot start the 'io.appium.android.apis' application. Consider checking the driver's troubleshooting documentation. Original error: Cannot start the 'io.appium.android.apis' application. Consider checking the driver's troubleshooting documentation. Original error: Activity name '.io.appium.android.apis.preference.PreferenceDependencies' used to start the app doesn't exist or cannot be launched! Make sure it exists and is a launchable activity
Build info: version: '4.9.1', revision: 'eb2032df7f'
System info: os.name: 'Linux', os.arch: 'amd64', os.version: '5.19.0-42-generic', java.version: '17.0.6'
Driver info: io.appium.java_client.android.AndroidDriver
Command: [01695390-b132-4700-bb17-a73444c374c2, startActivity {appPackage=io.appium.android.apis, appActivity=io.appium.android.apis.preference.PreferenceDependencies, appWaitPackage=, appWaitActivity=, dontStopAppOnReset=false, intentAction=, intentCategory=, intentFlags=, optionalIntentArguments=}]
Capabilities {appium:app: //home//vaidiksoni//eclipse..., appium:appPackage: com.androidsample.generalstore, appium:automationName: UIAutomator2, appium:chromedriverExecutable: //home//vaidiksoni//Documen..., appium:databaseEnabled: false, appium:desired: {app: //home//vaidiksoni//eclipse..., automationName: UIAutomator2, chromedriverExecutable: //home//vaidiksoni//Documen..., deviceName: Pixel 2 API 28, platformName: ANDROID}, appium:deviceApiLevel: 28, appium:deviceManufacturer: Google, appium:deviceModel: AOSP on IA Emulator, appium:deviceName: emulator-5554, appium:deviceScreenDensity: 420, appium:deviceScreenSize: 1080x1920, appium:deviceUDID: emulator-5554, appium:javascriptEnabled: true, appium:locationContextEnabled: false, appium:networkConnectionEnabled: true, appium:pixelRatio: 2.625, appium:platformVersion: 9, appium:statBarHeight: 63, appium:takesScreenshot: true, appium:viewportRect: {height: 1731, left: 0, top: 63, width: 1080}, appium:warnings: {}, appium:webStorageEnabled: false, platformName: ANDROID}
Session ID: 01695390-b132-4700-bb17-a73444c374c2
at java.base/jdk.internal.reflect.NativeConstructorAccessorImpl.newInstance0(Native Method)
at java.base/jdk.internal.reflect.NativeConstructorAccessorImpl.newInstance(NativeConstructorAccessorImpl.java:77)
at java.base/jdk.internal.reflect.DelegatingConstructorAccessorImpl.newInstance(DelegatingConstructorAccessorImpl.java:45)
at java.base/java.lang.reflect.Constructor.newInstanceWithCaller(Constructor.java:499)
at java.base/java.lang.reflect.Constructor.newInstance(Constructor.java:480)
at org.openqa.selenium.remote.codec.w3c.W3CHttpResponseCodec.createException(W3CHttpResponseCodec.java:200)
at org.openqa.selenium.remote.codec.w3c.W3CHttpResponseCodec.decode(W3CHttpResponseCodec.java:133)
at org.openqa.selenium.remote.codec.w3c.W3CHttpResponseCodec.decode(W3CHttpResponseCodec.java:53)
at org.openqa.selenium.remote.HttpCommandExecutor.execute(HttpCommandExecutor.java:193)
at io.appium.java_client.remote.AppiumCommandExecutor.execute(AppiumCommandExecutor.java:250)
at org.openqa.selenium.remote.RemoteWebDriver.execute(RemoteWebDriver.java:543)
at org.openqa.selenium.remote.RemoteWebDriver.execute(RemoteWebDriver.java:598)
at io.appium.java_client.AppiumDriver.execute(AppiumDriver.java:308)
at io.appium.java_client.CommandExecutionHelper.execute(CommandExecutionHelper.java:35)
at io.appium.java_client.android.StartsActivity.startActivity(StartsActivity.java:54)
at vaidikappiumtraining.PackageAndActivity.WifiSettingsNameWithPackage(PackageAndActivity.java:25)
at java.base/jdk.internal.reflect.NativeMethodAccessorImpl.invoke0(Native Method)
at java.base/jdk.internal.reflect.NativeMethodAccessorImpl.invoke(NativeMethodAccessorImpl.java:77)
at java.base/jdk.internal.reflect.DelegatingMethodAccessorImpl.invoke(DelegatingMethodAccessorImpl.java:43)
at java.base/java.lang.reflect.Method.invoke(Method.java:568)
at org.testng.internal.invokers.MethodInvocationHelper.invokeMethod(MethodInvocationHelper.java:139)
at org.testng.internal.invokers.TestInvoker.invokeMethod(TestInvoker.java:677)
at org.testng.internal.invokers.TestInvoker.invokeTestMethod(TestInvoker.java:221)
at org.testng.internal.invokers.MethodRunner.runInSequence(MethodRunner.java:50)
at org.testng.internal.invokers.TestInvoker$MethodInvocationAgent.invoke(TestInvoker.java:969)
at org.testng.internal.invokers.TestInvoker.invokeTestMethods(TestInvoker.java:194)
at org.testng.internal.invokers.TestMethodWorker.invokeTestMethods(TestMethodWorker.java:148)
at org.testng.internal.invokers.TestMethodWorker.run(TestMethodWorker.java:128)
at java.base/java.util.ArrayList.forEach(ArrayList.java:1511)
at org.testng.TestRunner.privateRun(TestRunner.java:829)
at org.testng.TestRunner.run(TestRunner.java:602)
at org.testng.SuiteRunner.runTest(SuiteRunner.java:437)
at org.testng.SuiteRunner.runSequentially(SuiteRunner.java:431)
at org.testng.SuiteRunner.privateRun(SuiteRunner.java:391)
at org.testng.SuiteRunner.run(SuiteRunner.java:330)
at org.testng.SuiteRunnerWorker.runSuite(SuiteRunnerWorker.java:52)
at org.testng.SuiteRunnerWorker.run(SuiteRunnerWorker.java:95)
at org.testng.TestNG.runSuitesSequentially(TestNG.java:1256)
at org.testng.TestNG.runSuitesLocally(TestNG.java:1176)
at org.testng.TestNG.runSuites(TestNG.java:1099)
at org.testng.TestNG.run(TestNG.java:1067)
at org.testng.remote.AbstractRemoteTestNG.run(AbstractRemoteTestNG.java:115)
at org.testng.remote.RemoteTestNG.initAndRun(RemoteTestNG.java:251)
at org.testng.remote.RemoteTestNG.main(RemoteTestNG.java:77)
]]>
    </failure>
  </testcase> <!-- WifiSettingsNameWithPackage -->
</testsuite> <!-- Default test -->
